<?xml version="1.0" encoding="UTF-8"?>
<!-- Generated by org.testng.reporters.JUnitXMLReporter -->
<testsuite hostname="DESKTOP-RDMHKH3" ignored="0" name="Electron Test" tests="3" failures="1" timestamp="2020-05-23T11:51:18 IDT" time="7.461" errors="0">
  <testcase name="replyPong" time="0.839" classname="SanityTests.APIDemosElectron"/>
  <testcase name="screenResolution" time="0.682" classname="SanityTests.APIDemosElectron"/>
  <testcase name="error" time="0.044" classname="SanityTests.APIDemosElectron">
    <failure type="java.lang.AssertionError" message="did not expect to find [true] but found [false]">
      <![CDATA[java.lang.AssertionError: did not expect to find [true] but found [false]
at Extensions.verifications.assertPartialTextInElement(verifications.java:39)
at SanityTests.APIDemosElectron.error(APIDemosElectron.java:33)
at java.util.ArrayList.forEach(ArrayList.java:1257)
... Removed 35 stack frames]]>
    </failure>
  </testcase> <!-- error -->
</testsuite> <!-- Electron Test -->
