{
  "uid" : "b60767f7fbe0378f",
  "name" : "Write Message in the Live Chat",
  "fullName" : "SanityTests.phpTravelsWeb.liveChatMessage",
  "historyId" : "f3cbd83680b30b72f1bf1b42e7eb987e",
  "time" : {
    "start" : 1590390277068,
    "stop" : 1590390291973,
    "duration" : 14905
  },
  "description" : "Test Description: write a short message in the Live Chat",
  "descriptionHtml" : "<p>Test Description: write a short message in the Live Chat</p>\n",
  "status" : "failed",
  "statusMessage" : "The following asserts failed:\n\tdid not expect to find [true] but found [false]",
  "statusTrace" : "java.lang.AssertionError: The following asserts failed:\n\tdid not expect to find [true] but found [false]\r\n\tat org.testng.asserts.SoftAssert.assertAll(SoftAssert.java:47)\r\n\tat org.testng.asserts.SoftAssert.assertAll(SoftAssert.java:31)\r\n\tat SanityTests.phpTravelsWeb.liveChatMessage(phpTravelsWeb.java:55)\r\n\tat sun.reflect.NativeMethodAccessorImpl.invoke0(Native Method)\r\n\tat sun.reflect.NativeMethodAccessorImpl.invoke(NativeMethodAccessorImpl.java:62)\r\n\tat sun.reflect.DelegatingMethodAccessorImpl.invoke(DelegatingMethodAccessorImpl.java:43)\r\n\tat java.lang.reflect.Method.invoke(Method.java:498)\r\n\tat org.testng.internal.MethodInvocationHelper.invokeMethod(MethodInvocationHelper.java:133)\r\n\tat org.testng.internal.TestInvoker.invokeMethod(TestInvoker.java:584)\r\n\tat org.testng.internal.TestInvoker.invokeTestMethod(TestInvoker.java:172)\r\n\tat org.testng.internal.MethodRunner.runInSequence(MethodRunner.java:46)\r\n\tat org.testng.internal.TestInvoker$MethodInvocationAgent.invoke(TestInvoker.java:804)\r\n\tat org.testng.internal.TestInvoker.invokeTestMethods(TestInvoker.java:145)\r\n\tat org.testng.internal.TestMethodWorker.invokeTestMethods(TestMethodWorker.java:146)\r\n\tat org.testng.internal.TestMethodWorker.run(TestMethodWorker.java:128)\r\n\tat java.util.ArrayList.forEach(ArrayList.java:1257)\r\n\tat org.testng.TestRunner.privateRun(TestRunner.java:770)\r\n\tat org.testng.TestRunner.run(TestRunner.java:591)\r\n\tat org.testng.SuiteRunner.runTest(SuiteRunner.java:402)\r\n\tat org.testng.SuiteRunner.runSequentially(SuiteRunner.java:396)\r\n\tat org.testng.SuiteRunner.privateRun(SuiteRunner.java:355)\r\n\tat org.testng.SuiteRunner.run(SuiteRunner.java:304)\r\n\tat org.testng.SuiteRunnerWorker.runSuite(SuiteRunnerWorker.java:53)\r\n\tat org.testng.SuiteRunnerWorker.run(SuiteRunnerWorker.java:96)\r\n\tat org.testng.TestNG.runSuitesSequentially(TestNG.java:1180)\r\n\tat org.testng.TestNG.runSuitesLocally(TestNG.java:1102)\r\n\tat org.testng.TestNG.runSuites(TestNG.java:1032)\r\n\tat org.testng.TestNG.run(TestNG.java:1000)\r\n\tat org.apache.maven.surefire.testng.TestNGExecutor.run(TestNGExecutor.java:283)\r\n\tat org.apache.maven.surefire.testng.TestNGXmlTestSuite.execute(TestNGXmlTestSuite.java:75)\r\n\tat org.apache.maven.surefire.testng.TestNGProvider.invoke(TestNGProvider.java:120)\r\n\tat org.apache.maven.surefire.booter.ForkedBooter.invokeProviderInSameClassLoader(ForkedBooter.java:384)\r\n\tat org.apache.maven.surefire.booter.ForkedBooter.runSuitesInProcess(ForkedBooter.java:345)\r\n\tat org.apache.maven.surefire.booter.ForkedBooter.execute(ForkedBooter.java:126)\r\n\tat org.apache.maven.surefire.booter.ForkedBooter.main(ForkedBooter.java:418)\r\n",
  "flaky" : true,
  "newFailed" : false,
  "beforeStages" : [ {
    "name" : "startSession",
    "time" : {
      "start" : 1590390208204,
      "stop" : 1590390222553,
      "duration" : 14349
    },
    "description" : "",
    "status" : "passed",
    "steps" : [ ],
    "attachments" : [ ],
    "parameters" : [ ],
    "hasContent" : false,
    "stepsCount" : 0,
    "shouldDisplayMessage" : false,
    "attachmentsCount" : 0
  } ],
  "testStage" : {
    "description" : "Test Description: write a short message in the Live Chat",
    "status" : "failed",
    "statusMessage" : "The following asserts failed:\n\tdid not expect to find [true] but found [false]",
    "statusTrace" : "java.lang.AssertionError: The following asserts failed:\n\tdid not expect to find [true] but found [false]\r\n\tat org.testng.asserts.SoftAssert.assertAll(SoftAssert.java:47)\r\n\tat org.testng.asserts.SoftAssert.assertAll(SoftAssert.java:31)\r\n\tat SanityTests.phpTravelsWeb.liveChatMessage(phpTravelsWeb.java:55)\r\n\tat sun.reflect.NativeMethodAccessorImpl.invoke0(Native Method)\r\n\tat sun.reflect.NativeMethodAccessorImpl.invoke(NativeMethodAccessorImpl.java:62)\r\n\tat sun.reflect.DelegatingMethodAccessorImpl.invoke(DelegatingMethodAccessorImpl.java:43)\r\n\tat java.lang.reflect.Method.invoke(Method.java:498)\r\n\tat org.testng.internal.MethodInvocationHelper.invokeMethod(MethodInvocationHelper.java:133)\r\n\tat org.testng.internal.TestInvoker.invokeMethod(TestInvoker.java:584)\r\n\tat org.testng.internal.TestInvoker.invokeTestMethod(TestInvoker.java:172)\r\n\tat org.testng.internal.MethodRunner.runInSequence(MethodRunner.java:46)\r\n\tat org.testng.internal.TestInvoker$MethodInvocationAgent.invoke(TestInvoker.java:804)\r\n\tat org.testng.internal.TestInvoker.invokeTestMethods(TestInvoker.java:145)\r\n\tat org.testng.internal.TestMethodWorker.invokeTestMethods(TestMethodWorker.java:146)\r\n\tat org.testng.internal.TestMethodWorker.run(TestMethodWorker.java:128)\r\n\tat java.util.ArrayList.forEach(ArrayList.java:1257)\r\n\tat org.testng.TestRunner.privateRun(TestRunner.java:770)\r\n\tat org.testng.TestRunner.run(TestRunner.java:591)\r\n\tat org.testng.SuiteRunner.runTest(SuiteRunner.java:402)\r\n\tat org.testng.SuiteRunner.runSequentially(SuiteRunner.java:396)\r\n\tat org.testng.SuiteRunner.privateRun(SuiteRunner.java:355)\r\n\tat org.testng.SuiteRunner.run(SuiteRunner.java:304)\r\n\tat org.testng.SuiteRunnerWorker.runSuite(SuiteRunnerWorker.java:53)\r\n\tat org.testng.SuiteRunnerWorker.run(SuiteRunnerWorker.java:96)\r\n\tat org.testng.TestNG.runSuitesSequentially(TestNG.java:1180)\r\n\tat org.testng.TestNG.runSuitesLocally(TestNG.java:1102)\r\n\tat org.testng.TestNG.runSuites(TestNG.java:1032)\r\n\tat org.testng.TestNG.run(TestNG.java:1000)\r\n\tat org.apache.maven.surefire.testng.TestNGExecutor.run(TestNGExecutor.java:283)\r\n\tat org.apache.maven.surefire.testng.TestNGXmlTestSuite.execute(TestNGXmlTestSuite.java:75)\r\n\tat org.apache.maven.surefire.testng.TestNGProvider.invoke(TestNGProvider.java:120)\r\n\tat org.apache.maven.surefire.booter.ForkedBooter.invokeProviderInSameClassLoader(ForkedBooter.java:384)\r\n\tat org.apache.maven.surefire.booter.ForkedBooter.runSuitesInProcess(ForkedBooter.java:345)\r\n\tat org.apache.maven.surefire.booter.ForkedBooter.execute(ForkedBooter.java:126)\r\n\tat org.apache.maven.surefire.booter.ForkedBooter.main(ForkedBooter.java:418)\r\n",
    "steps" : [ {
      "name" : "Send message in chat",
      "time" : {
        "start" : 1590390277068,
        "stop" : 1590390289865,
        "duration" : 12797
      },
      "status" : "passed",
      "steps" : [ {
        "name" : "Close popup",
        "time" : {
          "start" : 1590390277101,
          "stop" : 1590390282206,
          "duration" : 5105
        },
        "status" : "passed",
        "steps" : [ ],
        "attachments" : [ ],
        "parameters" : [ {
          "name" : "elem",
          "value" : "[[ChromeDriver: chrome on WINDOWS (44a100282403c1b76f5582de00eeffdf)] -> xpath: //button[@aria-label='dismiss cookie message']]"
        } ],
        "hasContent" : true,
        "stepsCount" : 0,
        "shouldDisplayMessage" : false,
        "attachmentsCount" : 0
      }, {
        "name" : "Click on Element",
        "time" : {
          "start" : 1590390282343,
          "stop" : 1590390282622,
          "duration" : 279
        },
        "status" : "passed",
        "steps" : [ ],
        "attachments" : [ ],
        "parameters" : [ {
          "name" : "elem",
          "value" : "[[ChromeDriver: chrome on WINDOWS (44a100282403c1b76f5582de00eeffdf)] -> xpath: //button[@class='lc-1jq1bpl e1m5b1js0']]"
        } ],
        "hasContent" : true,
        "stepsCount" : 0,
        "shouldDisplayMessage" : false,
        "attachmentsCount" : 0
      }, {
        "name" : "Click on Element",
        "time" : {
          "start" : 1590390283151,
          "stop" : 1590390283370,
          "duration" : 219
        },
        "status" : "passed",
        "steps" : [ ],
        "attachments" : [ ],
        "parameters" : [ {
          "name" : "elem",
          "value" : "[[ChromeDriver: chrome on WINDOWS (44a100282403c1b76f5582de00eeffdf)] -> xpath: //button[@class='lc-3a63hl esv0owm0']]"
        } ],
        "hasContent" : true,
        "stepsCount" : 0,
        "shouldDisplayMessage" : false,
        "attachmentsCount" : 0
      }, {
        "name" : "Send Text to Text-Field",
        "time" : {
          "start" : 1590390283385,
          "stop" : 1590390283493,
          "duration" : 108
        },
        "status" : "passed",
        "steps" : [ ],
        "attachments" : [ ],
        "parameters" : [ {
          "name" : "elem",
          "value" : "[[ChromeDriver: chrome on WINDOWS (44a100282403c1b76f5582de00eeffdf)] -> xpath: //input[@id='name']]"
        }, {
          "name" : "value",
          "value" : "Eran"
        } ],
        "hasContent" : true,
        "stepsCount" : 0,
        "shouldDisplayMessage" : false,
        "attachmentsCount" : 0
      }, {
        "name" : "Send Text to Text-Field",
        "time" : {
          "start" : 1590390283513,
          "stop" : 1590390283701,
          "duration" : 188
        },
        "status" : "passed",
        "steps" : [ ],
        "attachments" : [ ],
        "parameters" : [ {
          "name" : "elem",
          "value" : "[[ChromeDriver: chrome on WINDOWS (44a100282403c1b76f5582de00eeffdf)] -> xpath: //input[@id='email']]"
        }, {
          "name" : "value",
          "value" : "eran1@mail.com"
        } ],
        "hasContent" : true,
        "stepsCount" : 0,
        "shouldDisplayMessage" : false,
        "attachmentsCount" : 0
      }, {
        "name" : "Send Text to Text-Field",
        "time" : {
          "start" : 1590390283715,
          "stop" : 1590390283953,
          "duration" : 238
        },
        "status" : "passed",
        "steps" : [ ],
        "attachments" : [ ],
        "parameters" : [ {
          "name" : "elem",
          "value" : "[[ChromeDriver: chrome on WINDOWS (44a100282403c1b76f5582de00eeffdf)] -> xpath: (//div[@class='lc-qvffge e108e6fy0'])[4]/div/input]"
        }, {
          "name" : "value",
          "value" : "Booking process is Stuck"
        } ],
        "hasContent" : true,
        "stepsCount" : 0,
        "shouldDisplayMessage" : false,
        "attachmentsCount" : 0
      }, {
        "name" : "Send Text to Text-Field",
        "time" : {
          "start" : 1590390289049,
          "stop" : 1590390289565,
          "duration" : 516
        },
        "status" : "passed",
        "steps" : [ ],
        "attachments" : [ ],
        "parameters" : [ {
          "name" : "elem",
          "value" : "[[ChromeDriver: chrome on WINDOWS (44a100282403c1b76f5582de00eeffdf)] -> tag name: textarea]"
        }, {
          "name" : "value",
          "value" : "Hello, I'm trying to book a flight from Tel Aviv to London and from some reason it's stuck! please I need HELPPPP"
        } ],
        "hasContent" : true,
        "stepsCount" : 0,
        "shouldDisplayMessage" : false,
        "attachmentsCount" : 0
      }, {
        "name" : "Click on Element",
        "time" : {
          "start" : 1590390289607,
          "stop" : 1590390289865,
          "duration" : 258
        },
        "status" : "passed",
        "steps" : [ ],
        "attachments" : [ ],
        "parameters" : [ {
          "name" : "elem",
          "value" : "[[ChromeDriver: chrome on WINDOWS (44a100282403c1b76f5582de00eeffdf)] -> xpath: //button[@type='submit']]"
        } ],
        "hasContent" : true,
        "stepsCount" : 0,
        "shouldDisplayMessage" : false,
        "attachmentsCount" : 0
      } ],
      "attachments" : [ ],
      "parameters" : [ ],
      "hasContent" : true,
      "stepsCount" : 8,
      "shouldDisplayMessage" : false,
      "attachmentsCount" : 0
    }, {
      "name" : "Verify Element is Displayed",
      "time" : {
        "start" : 1590390289899,
        "stop" : 1590390289982,
        "duration" : 83
      },
      "status" : "passed",
      "steps" : [ ],
      "attachments" : [ ],
      "parameters" : [ {
        "name" : "elem",
        "value" : "[[ChromeDriver: chrome on WINDOWS (44a100282403c1b76f5582de00eeffdf)] -> xpath: //div[@class='lc-1wy764u e1q4zsg91']]"
      } ],
      "hasContent" : true,
      "stepsCount" : 0,
      "shouldDisplayMessage" : false,
      "attachmentsCount" : 0
    }, {
      "name" : "Verify Partial Text in Element",
      "time" : {
        "start" : 1590390291058,
        "stop" : 1590390291136,
        "duration" : 78
      },
      "status" : "passed",
      "steps" : [ ],
      "attachments" : [ ],
      "parameters" : [ {
        "name" : "elem",
        "value" : "[[ChromeDriver: chrome on WINDOWS (44a100282403c1b76f5582de00eeffdf)] -> xpath: //span[@class='Linkify' and contains(text(),'Thank you')]]"
      }, {
        "name" : "expectedPartialText",
        "value" : "wrong word"
      } ],
      "hasContent" : true,
      "stepsCount" : 0,
      "shouldDisplayMessage" : false,
      "attachmentsCount" : 0
    } ],
    "attachments" : [ {
      "uid" : "140cdceff21f5d3",
      "name" : "Page Screen-Shot",
      "source" : "140cdceff21f5d3.png",
      "type" : "image/png",
      "size" : 763064
    } ],
    "parameters" : [ ],
    "hasContent" : true,
    "stepsCount" : 11,
    "shouldDisplayMessage" : true,
    "attachmentsCount" : 1
  },
  "afterStages" : [ {
    "name" : "afterMethod",
    "time" : {
      "start" : 1590390291985,
      "stop" : 1590390293948,
      "duration" : 1963
    },
    "description" : "",
    "status" : "passed",
    "steps" : [ ],
    "attachments" : [ ],
    "parameters" : [ ],
    "hasContent" : false,
    "stepsCount" : 0,
    "shouldDisplayMessage" : false,
    "attachmentsCount" : 0
  }, {
    "name" : "closeSession",
    "time" : {
      "start" : 1590390298692,
      "stop" : 1590390299391,
      "duration" : 699
    },
    "description" : "",
    "status" : "passed",
    "steps" : [ ],
    "attachments" : [ ],
    "parameters" : [ ],
    "hasContent" : false,
    "stepsCount" : 0,
    "shouldDisplayMessage" : false,
    "attachmentsCount" : 0
  } ],
  "labels" : [ {
    "name" : "package",
    "value" : "SanityTests.phpTravelsWeb"
  }, {
    "name" : "testClass",
    "value" : "SanityTests.phpTravelsWeb"
  }, {
    "name" : "testMethod",
    "value" : "liveChatMessage"
  }, {
    "name" : "parentSuite",
    "value" : "Suite"
  }, {
    "name" : "suite",
    "value" : "Web Test"
  }, {
    "name" : "subSuite",
    "value" : "SanityTests.phpTravelsWeb"
  }, {
    "name" : "host",
    "value" : "DESKTOP-RDMHKH3"
  }, {
    "name" : "thread",
    "value" : "9676@DESKTOP-RDMHKH3.main(1)"
  }, {
    "name" : "framework",
    "value" : "testng"
  }, {
    "name" : "language",
    "value" : "java"
  }, {
    "name" : "resultFormat",
    "value" : "allure2"
  } ],
  "parameters" : [ {
    "name" : "PlatformName",
    "value" : "web"
  } ],
  "links" : [ ],
  "hidden" : false,
  "retry" : false,
  "extra" : {
    "severity" : "normal",
    "retries" : [ {
      "uid" : "e7118c6742f25a29",
      "status" : "skipped",
      "statusDetails" : "java.net.UnknownHostException: npm.taobao.org",
      "time" : {
        "start" : 1590390061747,
        "stop" : 1590390061747,
        "duration" : 0
      }
    } ],
    "categories" : [ {
      "name" : "Product defects",
      "matchedStatuses" : [ ],
      "flaky" : false
    } ],
    "history" : {
      "statistic" : {
        "failed" : 6,
        "broken" : 3,
        "skipped" : 1,
        "passed" : 3,
        "unknown" : 0,
        "total" : 13
      },
      "items" : [ {
        "uid" : "c8692349532b70ec",
        "reportUrl" : "http://localhost:9090/job/Final%20Project%20-%20Web/11/allure/#testresult/c8692349532b70ec",
        "status" : "skipped",
        "statusDetails" : "java.net.UnknownHostException: npm.taobao.org",
        "time" : {
          "start" : 1590390061747,
          "stop" : 1590390061747,
          "duration" : 0
        }
      }, {
        "uid" : "863287ec1b308bc7",
        "reportUrl" : "http://localhost:9090/job/Final%20Project%20-%20Web/10/allure/#testresult/863287ec1b308bc7",
        "status" : "failed",
        "statusDetails" : "The following asserts failed:\n\tdid not expect to find [true] but found [false]",
        "time" : {
          "start" : 1590215507810,
          "stop" : 1590215521513,
          "duration" : 13703
        }
      }, {
        "uid" : "bff30d07bccb7550",
        "reportUrl" : "http://localhost:9090/job/Final%20Project%20-%20Web/9/allure/#testresult/bff30d07bccb7550",
        "status" : "failed",
        "statusDetails" : "The following asserts failed:\n\tdid not expect to find [true] but found [false]",
        "time" : {
          "start" : 1590215109354,
          "stop" : 1590215123838,
          "duration" : 14484
        }
      }, {
        "uid" : "44fb8235bdbd1c26",
        "reportUrl" : "http://localhost:9090/job/Final%20Project%20-%20Web/8/allure/#testresult/44fb8235bdbd1c26",
        "status" : "failed",
        "statusDetails" : "The following asserts failed:\n\tdid not expect to find [true] but found [false]",
        "time" : {
          "start" : 1590214857860,
          "stop" : 1590214872551,
          "duration" : 14691
        }
      }, {
        "uid" : "b282d01105277e89",
        "reportUrl" : "http://localhost:9090/job/Final%20Project%20-%20Web/7/allure/#testresult/b282d01105277e89",
        "status" : "passed",
        "time" : {
          "start" : 1590214312083,
          "stop" : 1590214325215,
          "duration" : 13132
        }
      }, {
        "uid" : "d7dae25436af5511",
        "reportUrl" : "http://localhost:9090/job/Final%20Project%20-%20Web/6/allure/#testresult/d7dae25436af5511",
        "status" : "passed",
        "time" : {
          "start" : 1590211155830,
          "stop" : 1590211169079,
          "duration" : 13249
        }
      }, {
        "uid" : "fd1473dc8fdd2988",
        "reportUrl" : "http://localhost:9090/job/Final%20Project%20-%20Web/5/allure/#testresult/fd1473dc8fdd2988",
        "status" : "passed",
        "time" : {
          "start" : 1590210165911,
          "stop" : 1590210180180,
          "duration" : 14269
        }
      }, {
        "uid" : "1c6d807139373611",
        "reportUrl" : "http://localhost:9090/job/Final%20Project%20-%20Web/4/allure/#testresult/1c6d807139373611",
        "status" : "broken",
        "statusDetails" : "Expected condition failed: waiting for visibility of Proxy element for: DefaultElementLocator 'By.xpath: //span[@class='Linkify' and contains(text(),'Thank you')]' (tried for 5 second(s) with 500 milliseconds interval)",
        "time" : {
          "start" : 1590147908218,
          "stop" : 1590147935986,
          "duration" : 27768
        }
      }, {
        "uid" : "c701d46e80b3fae8",
        "reportUrl" : "http://localhost:9090/job/Final%20Project%20-%20Web/3/allure/#testresult/c701d46e80b3fae8",
        "status" : "broken",
        "statusDetails" : "Expected condition failed: waiting for visibility of Proxy element for: DefaultElementLocator 'By.xpath: //span[@class='Linkify' and contains(text(),'Thank you')]' (tried for 5 second(s) with 500 milliseconds interval)",
        "time" : {
          "start" : 1590147780605,
          "stop" : 1590147808342,
          "duration" : 27737
        }
      }, {
        "uid" : "d46a6355673cd8c4",
        "reportUrl" : "http://localhost:9090/job/Final%20Project%20-%20Web/2/allure/#testresult/d46a6355673cd8c4",
        "status" : "failed",
        "statusDetails" : "The following asserts failed:\n\tdid not expect to find [true] but found [false]",
        "time" : {
          "start" : 1590146955694,
          "stop" : 1590146968468,
          "duration" : 12774
        }
      }, {
        "uid" : "e9c3e16551a3d3f0",
        "reportUrl" : "http://localhost:9090/job/Final%20Project%20-%20Web/1/allure/#testresult/e9c3e16551a3d3f0",
        "status" : "failed",
        "statusDetails" : "The following asserts failed:\n\tdid not expect to find [true] but found [false]",
        "time" : {
          "start" : 1590146377902,
          "stop" : 1590146391221,
          "duration" : 13319
        }
      }, {
        "uid" : "4a82131facb4aa3",
        "reportUrl" : "http://localhost:9090/job/Final%20Project%20-%20Electron/3/allure/#testresult/4a82131facb4aa3",
        "status" : "broken",
        "statusDetails" : "no such element: Unable to locate element: {\"method\":\"xpath\",\"selector\":\"//select[@class='lc-jjhb0i egtcv0s1']\"}\n  (Session info: chrome=81.0.4044.138)\nFor documentation on this error, please visit: https://www.seleniumhq.org/exceptions/no_such_element.html\nBuild info: version: '3.141.59', revision: 'e82be7d358', time: '2018-11-14T08:17:03'\nSystem info: host: 'DESKTOP-RDMHKH3', ip: '192.168.0.12', os.name: 'Windows 10', os.arch: 'amd64', os.version: '10.0', java.version: '1.8.0_211'\nDriver info: org.openqa.selenium.chrome.ChromeDriver\nCapabilities {acceptInsecureCerts: false, browserName: chrome, browserVersion: 81.0.4044.138, chrome: {chromedriverVersion: 81.0.4044.138 (8c6c7ba89cc9..., userDataDir: C:\\Users\\eran\\AppData\\Local...}, goog:chromeOptions: {debuggerAddress: localhost:60945}, javascriptEnabled: true, networkConnectionEnabled: false, pageLoadStrategy: normal, platform: WINDOWS, platformName: WINDOWS, proxy: Proxy(), setWindowRect: true, strictFileInteractability: false, timeouts: {implicit: 0, pageLoad: 300000, script: 30000}, unhandledPromptBehavior: dismiss and notify, webauthn:virtualAuthenticators: true}\nSession ID: 3abe644ebd3a7662ccc841350ff3093e\n*** Element info: {Using=xpath, value=//select[@class='lc-jjhb0i egtcv0s1']}",
        "time" : {
          "start" : 1589786945321,
          "stop" : 1589786957644,
          "duration" : 12323
        }
      } ]
    },
    "tags" : [ ]
  },
  "source" : "b60767f7fbe0378f.json",
  "parameterValues" : [ "web" ]
}